<?xml version="1.0" encoding="UTF-8"?>
<!-- Generated by org.testng.reporters.JUnitReportReporter -->
<testsuite hostname="DESKTOP-28IOE2H" failures="0" tests="1" name="TakeScreenshot.TakeScreenshot" time="15.982" errors="0" timestamp="2025-04-08T12:30:45 IST" skipped="0">
  <testcase classname="TakeScreenshot.TakeScreenshot" name="takeScreenshot" time="15.982"/>
</testsuite> <!-- TakeScreenshot.TakeScreenshot -->
