<?xml version="1.0" encoding="UTF-8"?>
<!-- Generated by org.testng.reporters.JUnitReportReporter -->
<testsuite hostname="DESKTOP-28IOE2H" failures="0" tests="1" name="TakeScreenshot.TransferWindowControl" time="42.829" errors="0" timestamp="2025-04-08T13:25:38 IST" skipped="0">
  <testcase classname="TakeScreenshot.TransferWindowControl" name="transferWindowControl" time="42.829"/>
</testsuite> <!-- TakeScreenshot.TransferWindowControl -->
